<testsuites id="" name="" tests="2" failures="2" skipped="0" errors="0" time="130.49679600000383">
<testsuite name="AudioTests/audio-article-tests-RAD1-3190.spec.ts" timestamp="2023-11-29T09:52:47.370Z" hostname="acc chromium" tests="1" failures="1" skipped="0" time="63.6" errors="0">
<testcase name="Audio Article Tests › Breadcrumbs" classname="AudioTests/audio-article-tests-RAD1-3190.spec.ts" time="63.6">
<failure message="audio-article-tests-RAD1-3190.spec.ts:17:9 Breadcrumbs" type="FAILURE">
<![CDATA[  [acc chromium] › AudioTests/audio-article-tests-RAD1-3190.spec.ts:17:9 › Audio Article Tests › Breadcrumbs 

    TimeoutError: page.waitForSelector: Timeout 4000ms exceeded.
    =========================== logs ===========================
    waiting for locator('xpath=//span[contains(text(),"Auckland")]') to be visible
    ============================================================

       at Utilities/BasePage.ts:32

      30 |
      31 |     async waitAndClick(selector: string): Promise<void> {
    > 32 |         await this.page.waitForSelector(selector, { timeout: globalConfig.defaultTimeout });
         |                         ^
      33 |         await this.page.click(selector);
      34 |     }
      35 |

        at AudioSiteHomePage.waitAndClick (/Users/ravikaniyawala/Downloads/web-multisites-e2e-tests/tests/Utilities/BasePage.ts:32:25)
        at AudioSiteHomePage.gotoHomePage (/Users/ravikaniyawala/Downloads/web-multisites-e2e-tests/tests/PageObjects/AudioSitePages/audio-site-home-page.ts:16:16)
        at AudioSiteBasePage.gotoHomePage (/Users/ravikaniyawala/Downloads/web-multisites-e2e-tests/tests/AudioTests/abstractPage/AudioSiteBasePage.ts:16:9)
        at /Users/ravikaniyawala/Downloads/web-multisites-e2e-tests/tests/AudioTests/audio-article-tests-RAD1-3190.spec.ts:22:13

    attachment #1: screenshot (image/png) ──────────────────────────────────────────────────────────
    test-results/AudioTests-audio-article-tests-RAD1-3190-Audio-Article-Tests-Breadcrumbs-acc-chromium/test-failed-1.png
    ────────────────────────────────────────────────────────────────────────────────────────────────

    attachment #2: trace (application/zip) ─────────────────────────────────────────────────────────
    test-results/AudioTests-audio-article-tests-RAD1-3190-Audio-Article-Tests-Breadcrumbs-acc-chromium/trace.zip
    Usage:

        npx playwright show-trace test-results/AudioTests-audio-article-tests-RAD1-3190-Audio-Article-Tests-Breadcrumbs-acc-chromium/trace.zip

    ────────────────────────────────────────────────────────────────────────────────────────────────

    Retry #1 ───────────────────────────────────────────────────────────────────────────────────────

    Error: Timed out 5000ms waiting for expect(received).toBeVisible()
    Call log:
      - expect.toBeVisible with timeout 5000ms
      - waiting for locator('article.article').first()


       at Utilities/BasePage.ts:15

      13 |
      14 |     async isElementVisible(pageElement: string): Promise<void> {
    > 15 |         await expect(this.page.locator(pageElement).first()).toBeVisible();
         |                                                              ^
      16 |     }
      17 |
      18 |     async isElementTextVisible(pageElement: string, text: string): Promise<void> {

        at AudioSiteHomePage.isElementVisible (/Users/ravikaniyawala/Downloads/web-multisites-e2e-tests/tests/Utilities/BasePage.ts:15:62)
        at AudioSiteHomePage.goToArticle (/Users/ravikaniyawala/Downloads/web-multisites-e2e-tests/tests/PageObjects/AudioSitePages/audio-site-home-page.ts:20:16)
        at AudioSiteBasePage.goToArticle (/Users/ravikaniyawala/Downloads/web-multisites-e2e-tests/tests/AudioTests/abstractPage/AudioSiteBasePage.ts:20:34)
        at /Users/ravikaniyawala/Downloads/web-multisites-e2e-tests/tests/AudioTests/audio-article-tests-RAD1-3190.spec.ts:23:37

    attachment #1: screenshot (image/png) ──────────────────────────────────────────────────────────
    test-results/AudioTests-audio-article-tests-RAD1-3190-Audio-Article-Tests-Breadcrumbs-acc-chromium-retry1/test-failed-1.png
    ────────────────────────────────────────────────────────────────────────────────────────────────

    attachment #2: trace (application/zip) ─────────────────────────────────────────────────────────
    test-results/AudioTests-audio-article-tests-RAD1-3190-Audio-Article-Tests-Breadcrumbs-acc-chromium-retry1/trace.zip
    Usage:

        npx playwright show-trace test-results/AudioTests-audio-article-tests-RAD1-3190-Audio-Article-Tests-Breadcrumbs-acc-chromium-retry1/trace.zip

    ────────────────────────────────────────────────────────────────────────────────────────────────

    Retry #2 ───────────────────────────────────────────────────────────────────────────────────────

    Test timeout of 30000ms exceeded.

    Error: page.goto: Navigation failed because page was closed!
    =========================== logs ===========================
    navigating to "https://www.theaccnz.com/", waiting until "load"
    ============================================================

       at PageObjects/AudioSitePages/audio-site-home-page.ts:15

      13 |   async gotoHomePage(baseURL: string): Promise<void> {
      14 |     console.log(baseURL);
    > 15 |     await this.page.goto(baseURL);
         |                     ^
      16 |     await this.waitAndClick(PageElements.regionSelectionAucklandAudio);
      17 |   }
      18 |

        at AudioSiteHomePage.gotoHomePage (/Users/ravikaniyawala/Downloads/web-multisites-e2e-tests/tests/PageObjects/AudioSitePages/audio-site-home-page.ts:15:21)
        at AudioSiteBasePage.gotoHomePage (/Users/ravikaniyawala/Downloads/web-multisites-e2e-tests/tests/AudioTests/abstractPage/AudioSiteBasePage.ts:16:34)
        at /Users/ravikaniyawala/Downloads/web-multisites-e2e-tests/tests/AudioTests/audio-article-tests-RAD1-3190.spec.ts:22:37

    Pending operations:
      - page.goto at tests/PageObjects/AudioSitePages/audio-site-home-page.ts:15:21


    attachment #1: screenshot (image/png) ──────────────────────────────────────────────────────────
    test-results/AudioTests-audio-article-tests-RAD1-3190-Audio-Article-Tests-Breadcrumbs-acc-chromium-retry2/test-failed-1.png
    ────────────────────────────────────────────────────────────────────────────────────────────────

    attachment #2: trace (application/zip) ─────────────────────────────────────────────────────────
    test-results/AudioTests-audio-article-tests-RAD1-3190-Audio-Article-Tests-Breadcrumbs-acc-chromium-retry2/trace.zip
    Usage:

        npx playwright show-trace test-results/AudioTests-audio-article-tests-RAD1-3190-Audio-Article-Tests-Breadcrumbs-acc-chromium-retry2/trace.zip

    ────────────────────────────────────────────────────────────────────────────────────────────────
]]>
</failure>
<system-out>
<![CDATA[https://www.theaccnz.com/

[[ATTACHMENT|../test-results/AudioTests-audio-article-tests-RAD1-3190-Audio-Article-Tests-Breadcrumbs-acc-chromium/test-failed-1.png]]

[[ATTACHMENT|../test-results/AudioTests-audio-article-tests-RAD1-3190-Audio-Article-Tests-Breadcrumbs-acc-chromium/trace.zip]]
https://www.theaccnz.com/

[[ATTACHMENT|../test-results/AudioTests-audio-article-tests-RAD1-3190-Audio-Article-Tests-Breadcrumbs-acc-chromium-retry1/test-failed-1.png]]

[[ATTACHMENT|../test-results/AudioTests-audio-article-tests-RAD1-3190-Audio-Article-Tests-Breadcrumbs-acc-chromium-retry1/trace.zip]]
https://www.theaccnz.com/

[[ATTACHMENT|../test-results/AudioTests-audio-article-tests-RAD1-3190-Audio-Article-Tests-Breadcrumbs-acc-chromium-retry2/test-failed-1.png]]

[[ATTACHMENT|../test-results/AudioTests-audio-article-tests-RAD1-3190-Audio-Article-Tests-Breadcrumbs-acc-chromium-retry2/trace.zip]]
]]>
</system-out>
</testcase>
</testsuite>
<testsuite name="AudioTests/audio-flyout-header-tests.spec.ts" timestamp="2023-11-29T09:52:47.370Z" hostname="acc chromium" tests="1" failures="1" skipped="0" time="57.306" errors="0">
<testcase name="Audio Site Flyout Header Tests › Flyout Header-Region Picker" classname="AudioTests/audio-flyout-header-tests.spec.ts" time="57.306">
<failure message="audio-flyout-header-tests.spec.ts:17:7 Flyout Header-Region Picker" type="FAILURE">
<![CDATA[  [acc chromium] › AudioTests/audio-flyout-header-tests.spec.ts:17:7 › Audio Site Flyout Header Tests › Flyout Header-Region Picker 

    TimeoutError: page.waitForSelector: Timeout 4000ms exceeded.
    =========================== logs ===========================
    waiting for locator('xpath=//span[contains(text(),"Auckland")]') to be visible
    ============================================================

       at Utilities/BasePage.ts:32

      30 |
      31 |     async waitAndClick(selector: string): Promise<void> {
    > 32 |         await this.page.waitForSelector(selector, { timeout: globalConfig.defaultTimeout });
         |                         ^
      33 |         await this.page.click(selector);
      34 |     }
      35 |

        at AudioSiteHomePage.waitAndClick (/Users/ravikaniyawala/Downloads/web-multisites-e2e-tests/tests/Utilities/BasePage.ts:32:25)
        at AudioSiteHomePage.gotoHomePage (/Users/ravikaniyawala/Downloads/web-multisites-e2e-tests/tests/PageObjects/AudioSitePages/audio-site-home-page.ts:16:16)
        at AudioSiteBasePage.gotoHomePage (/Users/ravikaniyawala/Downloads/web-multisites-e2e-tests/tests/AudioTests/abstractPage/AudioSiteBasePage.ts:16:9)
        at /Users/ravikaniyawala/Downloads/web-multisites-e2e-tests/tests/AudioTests/audio-flyout-header-tests.spec.ts:22:5

    attachment #1: screenshot (image/png) ──────────────────────────────────────────────────────────
    test-results/AudioTests-audio-flyout-header-tests-Audio-Site-Flyout-Header-Tests-Flyout-Header-Region-Picker-acc-chromium/test-failed-1.png
    ────────────────────────────────────────────────────────────────────────────────────────────────

    attachment #2: trace (application/zip) ─────────────────────────────────────────────────────────
    test-results/AudioTests-audio-flyout-header-tests-Audio-Site-Flyout-Header-Tests-Flyout-Header-Region-Picker-acc-chromium/trace.zip
    Usage:

        npx playwright show-trace test-results/AudioTests-audio-flyout-header-tests-Audio-Site-Flyout-Header-Tests-Flyout-Header-Region-Picker-acc-chromium/trace.zip

    ────────────────────────────────────────────────────────────────────────────────────────────────

    Retry #1 ───────────────────────────────────────────────────────────────────────────────────────

    Test timeout of 30000ms exceeded.

    Error: page.goto: Navigation failed because page was closed!
    =========================== logs ===========================
    navigating to "https://www.theaccnz.com/", waiting until "load"
    ============================================================

       at PageObjects/AudioSitePages/audio-site-home-page.ts:15

      13 |   async gotoHomePage(baseURL: string): Promise<void> {
      14 |     console.log(baseURL);
    > 15 |     await this.page.goto(baseURL);
         |                     ^
      16 |     await this.waitAndClick(PageElements.regionSelectionAucklandAudio);
      17 |   }
      18 |

        at AudioSiteHomePage.gotoHomePage (/Users/ravikaniyawala/Downloads/web-multisites-e2e-tests/tests/PageObjects/AudioSitePages/audio-site-home-page.ts:15:21)
        at AudioSiteBasePage.gotoHomePage (/Users/ravikaniyawala/Downloads/web-multisites-e2e-tests/tests/AudioTests/abstractPage/AudioSiteBasePage.ts:16:34)
        at /Users/ravikaniyawala/Downloads/web-multisites-e2e-tests/tests/AudioTests/audio-flyout-header-tests.spec.ts:22:29

    Pending operations:
      - page.goto at tests/PageObjects/AudioSitePages/audio-site-home-page.ts:15:21


    attachment #1: screenshot (image/png) ──────────────────────────────────────────────────────────
    test-results/AudioTests-audio-flyout-header-tests-Audio-Site-Flyout-Header-Tests-Flyout-Header-Region-Picker-acc-chromium-retry1/test-failed-1.png
    ────────────────────────────────────────────────────────────────────────────────────────────────

    attachment #2: trace (application/zip) ─────────────────────────────────────────────────────────
    test-results/AudioTests-audio-flyout-header-tests-Audio-Site-Flyout-Header-Tests-Flyout-Header-Region-Picker-acc-chromium-retry1/trace.zip
    Usage:

        npx playwright show-trace test-results/AudioTests-audio-flyout-header-tests-Audio-Site-Flyout-Header-Tests-Flyout-Header-Region-Picker-acc-chromium-retry1/trace.zip

    ────────────────────────────────────────────────────────────────────────────────────────────────

    Retry #2 ───────────────────────────────────────────────────────────────────────────────────────

    TimeoutError: page.waitForSelector: Timeout 4000ms exceeded.
    =========================== logs ===========================
    waiting for locator('xpath=//span[contains(text(),"Auckland")]') to be visible
    ============================================================

       at Utilities/BasePage.ts:32

      30 |
      31 |     async waitAndClick(selector: string): Promise<void> {
    > 32 |         await this.page.waitForSelector(selector, { timeout: globalConfig.defaultTimeout });
         |                         ^
      33 |         await this.page.click(selector);
      34 |     }
      35 |

        at AudioSiteHomePage.waitAndClick (/Users/ravikaniyawala/Downloads/web-multisites-e2e-tests/tests/Utilities/BasePage.ts:32:25)
        at AudioSiteHomePage.gotoHomePage (/Users/ravikaniyawala/Downloads/web-multisites-e2e-tests/tests/PageObjects/AudioSitePages/audio-site-home-page.ts:16:16)
        at AudioSiteBasePage.gotoHomePage (/Users/ravikaniyawala/Downloads/web-multisites-e2e-tests/tests/AudioTests/abstractPage/AudioSiteBasePage.ts:16:9)
        at /Users/ravikaniyawala/Downloads/web-multisites-e2e-tests/tests/AudioTests/audio-flyout-header-tests.spec.ts:22:5

    attachment #1: screenshot (image/png) ──────────────────────────────────────────────────────────
    test-results/AudioTests-audio-flyout-header-tests-Audio-Site-Flyout-Header-Tests-Flyout-Header-Region-Picker-acc-chromium-retry2/test-failed-1.png
    ────────────────────────────────────────────────────────────────────────────────────────────────

    attachment #2: trace (application/zip) ─────────────────────────────────────────────────────────
    test-results/AudioTests-audio-flyout-header-tests-Audio-Site-Flyout-Header-Tests-Flyout-Header-Region-Picker-acc-chromium-retry2/trace.zip
    Usage:

        npx playwright show-trace test-results/AudioTests-audio-flyout-header-tests-Audio-Site-Flyout-Header-Tests-Flyout-Header-Region-Picker-acc-chromium-retry2/trace.zip

    ────────────────────────────────────────────────────────────────────────────────────────────────
]]>
</failure>
<system-out>
<![CDATA[https://www.theaccnz.com/

[[ATTACHMENT|../test-results/AudioTests-audio-flyout-header-tests-Audio-Site-Flyout-Header-Tests-Flyout-Header-Region-Picker-acc-chromium/test-failed-1.png]]

[[ATTACHMENT|../test-results/AudioTests-audio-flyout-header-tests-Audio-Site-Flyout-Header-Tests-Flyout-Header-Region-Picker-acc-chromium/trace.zip]]
https://www.theaccnz.com/

[[ATTACHMENT|../test-results/AudioTests-audio-flyout-header-tests-Audio-Site-Flyout-Header-Tests-Flyout-Header-Region-Picker-acc-chromium-retry1/test-failed-1.png]]

[[ATTACHMENT|../test-results/AudioTests-audio-flyout-header-tests-Audio-Site-Flyout-Header-Tests-Flyout-Header-Region-Picker-acc-chromium-retry1/trace.zip]]
https://www.theaccnz.com/

[[ATTACHMENT|../test-results/AudioTests-audio-flyout-header-tests-Audio-Site-Flyout-Header-Tests-Flyout-Header-Region-Picker-acc-chromium-retry2/test-failed-1.png]]

[[ATTACHMENT|../test-results/AudioTests-audio-flyout-header-tests-Audio-Site-Flyout-Header-Tests-Flyout-Header-Region-Picker-acc-chromium-retry2/trace.zip]]
]]>
</system-out>
</testcase>
</testsuite>
</testsuites>